Using pre-set license
Built from '2020.3/staging' branch; Version is '2020.3.0f1 (c7b5465681fb) revision 13088070'; Using compiler version '192528614'; Build Type 'Release'
OS: 'Windows 10 Pro; OS build 19041.867; Version 2004; 64bit' Language: 'zh' Physical Memory: 8108 MB
BatchMode: 1, IsHumanControllingUs: 0, StartBugReporterOnCrash: 0, Is64bit: 1, IsPro: 0

 COMMAND LINE ARGUMENTS:
C:\Unity\2020.3.0f1\Editor\Unity.exe
-adb2
-batchMode
-noUpm
-name
AssetImportWorker1
-projectPath
E:/Unity projects/PlanetVR
-logFile
Logs/AssetImportWorker1.log
-srvPort
54639
Successfully changed project path to: E:/Unity projects/PlanetVR
E:/Unity projects/PlanetVR
Using Asset Import Pipeline V2.
Refreshing native plugins compatible for Editor in 309.13 ms, found 4 plugins.
Preloading 1 native plugins for Editor in 4.01 ms.
Initialize engine version: 2020.3.0f1 (c7b5465681fb)
[Subsystems] Discovering subsystems at path C:/Unity/2020.3.0f1/Editor/Data/Resources/UnitySubsystems
[Subsystems] Discovering subsystems at path E:/Unity projects/PlanetVR/Assets
GfxDevice: creating device client; threaded=0
Direct3D:
    Version:  Direct3D 11.0 [level 11.0]
    Renderer: NVIDIA GeForce GTX 960M (ID=0x139b)
    Vendor:   
    VRAM:     2010 MB
    Driver:   27.21.14.6140
Shader 'Oculus/OVRMRCameraFrameLit': fallback shader 'Alpha-Diffuse' not found
Initialize mono
Mono path[0] = 'C:/Unity/2020.3.0f1/Editor/Data/Managed'
Mono path[1] = 'C:/Unity/2020.3.0f1/Editor/Data/MonoBleedingEdge/lib/mono/unityjit'
Mono config path = 'C:/Unity/2020.3.0f1/Editor/Data/MonoBleedingEdge/etc'
Using monoOptions --debugger-agent=transport=dt_socket,embedding=1,server=y,suspend=n,address=127.0.0.1:56136
Begin MonoManager ReloadAssembly
Registering precompiled unity dll's ...
Register platform support module: C:/Unity/2020.3.0f1/Editor/Data/PlaybackEngines/WebGLSupport/UnityEditor.WebGL.Extensions.dll
Register platform support module: C:/Unity/2020.3.0f1/Editor/Data/PlaybackEngines/MacStandaloneSupport/UnityEditor.OSXStandalone.Extensions.dll
Register platform support module: C:/Unity/2020.3.0f1/Editor/Data/PlaybackEngines/WindowsStandaloneSupport/UnityEditor.WindowsStandalone.Extensions.dll
Registered in 0.048006 seconds.
Native extension for WindowsStandalone target not found
Native extension for OSXStandalone target not found
Native extension for WebGL target not found
Refreshing native plugins compatible for Editor in 197.53 ms, found 4 plugins.
Preloading 1 native plugins for Editor in 0.10 ms.
Invoked RoslynAnalysisRunner static constructor.
RoslynAnalysisRunner will not be running.
RoslynAnalysisRunner has terminated.
Mono: successfully reloaded assembly
- Completed reload, in  5.993 seconds
Platform modules already initialized, skipping
Registering precompiled user dll's ...
Registered in 0.006167 seconds.
Begin MonoManager ReloadAssembly
Native extension for WindowsStandalone target not found
Native extension for OSXStandalone target not found
Native extension for WebGL target not found
Refreshing native plugins compatible for Editor in 157.72 ms, found 4 plugins.
Preloading 1 native plugins for Editor in 0.07 ms.
Invoked RoslynAnalysisRunner static constructor.
RoslynAnalysisRunner will not be running.
RoslynAnalysisRunner has terminated.
[XR] OculusXRPlugin: registering subsystems
[XR] Unable to register display lifecyle provider: [1]
[XR] Oculus Input lifecycle provider registered.
[XR] Unable to register input lifecyle provider: [1]
[XR] OVRP version 1.57.0
Mono: successfully reloaded assembly
- Completed reload, in  2.668 seconds
Platform modules already initialized, skipping
========================================================================
Worker process is ready to serve import requests
Shader 'Universal Render Pipeline/Particles/Lit': fallback shader 'Universal Render Pipeline/Particles/SimpleLit' not found
Shader 'Universal Render Pipeline/Particles/Lit': fallback shader 'Universal Render Pipeline/Particles/SimpleLit' not found
Shader 'Oculus/OVRMRCameraFrameLit': fallback shader 'Alpha-Diffuse' not found
Launched and connected shader compiler UnityShaderCompiler.exe after 0.23 seconds
Refreshing native plugins compatible for Editor in 2.82 ms, found 4 plugins.
Preloading 1 native plugins for Editor in 0.11 ms.
Unloading 3227 Unused Serialized files (Serialized files now loaded: 0)
System memory in use before: 158.3 MB.
System memory in use after: 156.6 MB.

Unloading 66 unused Assets to reduce memory usage. Loaded Objects now: 3633.
Total: 12.897000 ms (FindLiveObjects: 1.940400 ms CreateObjectMapping: 0.543600 ms MarkObjects: 7.904200 ms  DeleteObjects: 2.498100 ms)

========================================================================
Received Import Request.
  path: Assets/Scenes/HandUIScene.unity
  artifactKey: Guid(1959f2fdfdb36514e845150e141babcf) Importer(815301076,1909f56bfc062723c751e8b465ee728b)
Start importing Assets/Scenes/HandUIScene.unity using Guid(1959f2fdfdb36514e845150e141babcf) Importer(815301076,1909f56bfc062723c751e8b465ee728b)  -> (artifact id: '4104d5d7e568bb09ee7181dfe1e40689') in 0.058365 seconds
  Import took 0.092620 seconds .

========================================================================
Received Import Request.
  Time since last request: 0.004281 seconds.
  path: Assets/Scenes/HandUIScene.unity
  artifactKey: Guid(1959f2fdfdb36514e845150e141babcf) Importer(815301076,1909f56bfc062723c751e8b465ee728b)
Start importing Assets/Scenes/HandUIScene.unity using Guid(1959f2fdfdb36514e845150e141babcf) Importer(815301076,1909f56bfc062723c751e8b465ee728b)  -> (artifact id: '4104d5d7e568bb09ee7181dfe1e40689') in 0.010066 seconds
  Import took 0.033162 seconds .

========================================================================
Received Import Request.
  Time since last request: 518.254355 seconds.
  path: Assets/Scenes/Sun.unity
  artifactKey: Guid(227b60814923bcd4d8b775ad731510cc) Importer(815301076,1909f56bfc062723c751e8b465ee728b)
Start importing Assets/Scenes/Sun.unity using Guid(227b60814923bcd4d8b775ad731510cc) Importer(815301076,1909f56bfc062723c751e8b465ee728b)  -> (artifact id: 'f101627f01cbb6ef502385a3ce6148fa') in 0.032621 seconds
  Import took 0.062305 seconds .

========================================================================
Received Import Request.
  Time since last request: 0.002311 seconds.
  path: Assets/Scenes/Sun.unity
  artifactKey: Guid(227b60814923bcd4d8b775ad731510cc) Importer(815301076,1909f56bfc062723c751e8b465ee728b)
Start importing Assets/Scenes/Sun.unity using Guid(227b60814923bcd4d8b775ad731510cc) Importer(815301076,1909f56bfc062723c751e8b465ee728b)  -> (artifact id: 'f101627f01cbb6ef502385a3ce6148fa') in 0.013431 seconds
  Import took 0.039678 seconds .

========================================================================
Received Import Request.
  Time since last request: 4.282800 seconds.
  path: Packages/com.unity.render-pipelines.universal/Runtime/Materials/ParticlesUnlit.mat
  artifactKey: Guid(e823cd5b5d27c0f4b8256e7c12ee3e6d) Importer(815301076,1909f56bfc062723c751e8b465ee728b)
Start importing Packages/com.unity.render-pipelines.universal/Runtime/Materials/ParticlesUnlit.mat using Guid(e823cd5b5d27c0f4b8256e7c12ee3e6d) Importer(815301076,1909f56bfc062723c751e8b465ee728b)  -> (artifact id: '30331b656c7f41c3dd4342c81dc2967e') in 1.239004 seconds
  Import took 1.257122 seconds .

========================================================================
Received Import Request.
  Time since last request: 0.024339 seconds.
  path: Packages/com.unity.render-pipelines.universal/Runtime/Materials/ParticlesUnlit.mat
  artifactKey: Guid(e823cd5b5d27c0f4b8256e7c12ee3e6d) Importer(815301076,1909f56bfc062723c751e8b465ee728b)
Start importing Packages/com.unity.render-pipelines.universal/Runtime/Materials/ParticlesUnlit.mat using Guid(e823cd5b5d27c0f4b8256e7c12ee3e6d) Importer(815301076,1909f56bfc062723c751e8b465ee728b)  -> (artifact id: '30331b656c7f41c3dd4342c81dc2967e') in 0.028925 seconds
  Import took 0.041048 seconds .

========================================================================
Received Import Request.
  Time since last request: 1833.754784 seconds.
  path: Assets/Materials/Trailer.mat
  artifactKey: Guid(7c20a30f27bdaa543bc7d7cac65b5a17) Importer(815301076,1909f56bfc062723c751e8b465ee728b)
Start importing Assets/Materials/Trailer.mat using Guid(7c20a30f27bdaa543bc7d7cac65b5a17) Importer(815301076,1909f56bfc062723c751e8b465ee728b)  -> (artifact id: '0e05b277320428da7565364055caa081') in 0.252103 seconds
  Import took 0.368709 seconds .

========================================================================
Received Prepare
Registering precompiled user dll's ...
Registered in 0.019165 seconds.
Begin MonoManager ReloadAssembly
Native extension for WindowsStandalone target not found
Native extension for OSXStandalone target not found
Native extension for WebGL target not found
Refreshing native plugins compatible for Editor in 1.60 ms, found 4 plugins.
Preloading 1 native plugins for Editor in 0.14 ms.
Invoked RoslynAnalysisRunner static constructor.
RoslynAnalysisRunner will not be running.
RoslynAnalysisRunner has terminated.
Mono: successfully reloaded assembly
- Completed reload, in  3.618 seconds
Platform modules already initialized, skipping
Switching build target platform(5) subTarget(0) extendedPlatform(0) -> platform(13) subTarget(524288) extendedPlatform(0)
Shader 'Universal Render Pipeline/Particles/Lit': fallback shader 'Universal Render Pipeline/Particles/SimpleLit' not found
Shader 'Universal Render Pipeline/Particles/Lit': fallback shader 'Universal Render Pipeline/Particles/SimpleLit' not found
Shader 'Oculus/OVRMRCameraFrameLit': fallback shader 'Alpha-Diffuse' not found
Refreshing native plugins compatible for Editor in 3.66 ms, found 4 plugins.
Preloading 1 native plugins for Editor in 0.27 ms.
Unloading 3052 Unused Serialized files (Serialized files now loaded: 0)
System memory in use before: 149.1 MB.
System memory in use after: 147.4 MB.

Unloading 61 unused Assets to reduce memory usage. Loaded Objects now: 3716.
Total: 16.183700 ms (FindLiveObjects: 0.937800 ms CreateObjectMapping: 0.589100 ms MarkObjects: 12.477900 ms  DeleteObjects: 2.174000 ms)

AssetImportParameters requested are different than current active one (requested -> active):
  custom:graphics/normal-map-encoding: 01000000000000000000000000000000 -> 02000000000000000000000000000000
========================================================================
Received Prepare
Registering precompiled user dll's ...
Registered in 0.018597 seconds.
Begin MonoManager ReloadAssembly
Native extension for WindowsStandalone target not found
Native extension for OSXStandalone target not found
Native extension for WebGL target not found
Refreshing native plugins compatible for Editor in 1.51 ms, found 4 plugins.
Preloading 1 native plugins for Editor in 0.09 ms.
Invoked RoslynAnalysisRunner static constructor.
RoslynAnalysisRunner will not be running.
RoslynAnalysisRunner has terminated.
Mono: successfully reloaded assembly
- Completed reload, in  2.250 seconds
Platform modules already initialized, skipping
Switching build target platform(5) subTarget(0) extendedPlatform(0) -> platform(13) subTarget(524288) extendedPlatform(0)
Shader 'Universal Render Pipeline/Particles/Lit': fallback shader 'Universal Render Pipeline/Particles/SimpleLit' not found
Shader 'Universal Render Pipeline/Particles/Lit': fallback shader 'Universal Render Pipeline/Particles/SimpleLit' not found
Shader 'Oculus/OVRMRCameraFrameLit': fallback shader 'Alpha-Diffuse' not found
Refreshing native plugins compatible for Editor in 2.50 ms, found 4 plugins.
Preloading 1 native plugins for Editor in 0.48 ms.
Unloading 3051 Unused Serialized files (Serialized files now loaded: 0)
System memory in use before: 149.1 MB.
System memory in use after: 147.4 MB.

Unloading 60 unused Assets to reduce memory usage. Loaded Objects now: 3720.
Total: 13.326400 ms (FindLiveObjects: 0.718800 ms CreateObjectMapping: 0.471700 ms MarkObjects: 8.442000 ms  DeleteObjects: 3.689100 ms)

AssetImportParameters requested are different than current active one (requested -> active):
  custom:graphics/normal-map-encoding: 01000000000000000000000000000000 -> 02000000000000000000000000000000
========================================================================
Received Prepare
Registering precompiled user dll's ...
Registered in 0.023268 seconds.
Begin MonoManager ReloadAssembly
Native extension for WindowsStandalone target not found
Native extension for OSXStandalone target not found
Native extension for WebGL target not found
Refreshing native plugins compatible for Editor in 3.44 ms, found 4 plugins.
Preloading 1 native plugins for Editor in 0.22 ms.
Invoked RoslynAnalysisRunner static constructor.
RoslynAnalysisRunner will not be running.
RoslynAnalysisRunner has terminated.
Mono: successfully reloaded assembly
- Completed reload, in  3.798 seconds
Platform modules already initialized, skipping
Switching build target platform(5) subTarget(0) extendedPlatform(0) -> platform(13) subTarget(524288) extendedPlatform(0)
Shader 'Universal Render Pipeline/Particles/Lit': fallback shader 'Universal Render Pipeline/Particles/SimpleLit' not found
Shader 'Universal Render Pipeline/Particles/Lit': fallback shader 'Universal Render Pipeline/Particles/SimpleLit' not found
Shader 'Oculus/OVRMRCameraFrameLit': fallback shader 'Alpha-Diffuse' not found
Refreshing native plugins compatible for Editor in 1.80 ms, found 4 plugins.
Preloading 1 native plugins for Editor in 0.08 ms.
Unloading 3051 Unused Serialized files (Serialized files now loaded: 0)
System memory in use before: 149.1 MB.
System memory in use after: 147.4 MB.

Unloading 60 unused Assets to reduce memory usage. Loaded Objects now: 3724.
Total: 7.893100 ms (FindLiveObjects: 0.579300 ms CreateObjectMapping: 0.297200 ms MarkObjects: 4.854100 ms  DeleteObjects: 2.158600 ms)

AssetImportParameters requested are different than current active one (requested -> active):
  custom:graphics/normal-map-encoding: 01000000000000000000000000000000 -> 02000000000000000000000000000000
========================================================================
Received Import Request.
  Time since last request: 3858.353141 seconds.
  path: Assets/Graphics/MiniMap.renderTexture
  artifactKey: Guid(84845c11ac822e042a7c8eae5a82a6b2) Importer(815301076,1909f56bfc062723c751e8b465ee728b)
Start importing Assets/Graphics/MiniMap.renderTexture using Guid(84845c11ac822e042a7c8eae5a82a6b2) Importer(815301076,1909f56bfc062723c751e8b465ee728b)  -> (artifact id: '80bc6719fba4fddf98658d52d68bfd3d') in 0.225774 seconds
  Import took 0.262436 seconds .

========================================================================
Received Import Request.
  Time since last request: 0.001236 seconds.
  path: Assets/Graphics/Planet.mat
  artifactKey: Guid(fa9a1634e34de5941819fbe77fc730c1) Importer(815301076,1909f56bfc062723c751e8b465ee728b)
Start importing Assets/Graphics/Planet.mat using Guid(fa9a1634e34de5941819fbe77fc730c1) Importer(815301076,1909f56bfc062723c751e8b465ee728b)  -> (artifact id: '5665438fd8dcebe119b2295168fbfe5c') in 0.574330 seconds
  Import took 0.592911 seconds .

========================================================================
Received Import Request.
  Time since last request: 0.000370 seconds.
  path: Assets/Graphics/Sun.mat
  artifactKey: Guid(d6fc12f6f07424e4fb306f9c64ac5116) Importer(815301076,1909f56bfc062723c751e8b465ee728b)
Start importing Assets/Graphics/Sun.mat using Guid(d6fc12f6f07424e4fb306f9c64ac5116) Importer(815301076,1909f56bfc062723c751e8b465ee728b)  -> (artifact id: '7246c1c92661c4342bf4ecd56c831efb') in 0.095104 seconds
  Import took 0.112900 seconds .

========================================================================
Received Import Request.
  Time since last request: 0.003481 seconds.
  path: Assets/Graphics/Sun.mat
  artifactKey: Guid(d6fc12f6f07424e4fb306f9c64ac5116) Importer(815301076,1909f56bfc062723c751e8b465ee728b)
Start importing Assets/Graphics/Sun.mat using Guid(d6fc12f6f07424e4fb306f9c64ac5116) Importer(815301076,1909f56bfc062723c751e8b465ee728b)  -> (artifact id: '7246c1c92661c4342bf4ecd56c831efb') in 0.093207 seconds
  Import took 0.134829 seconds .

========================================================================
Received Prepare
Shader 'Universal Render Pipeline/Particles/Lit': fallback shader 'Universal Render Pipeline/Particles/SimpleLit' not found
Shader 'Universal Render Pipeline/Particles/Lit': fallback shader 'Universal Render Pipeline/Particles/SimpleLit' not found
Shader 'Oculus/OVRMRCameraFrameLit': fallback shader 'Alpha-Diffuse' not found
Refreshing native plugins compatible for Editor in 119.38 ms, found 4 plugins.
Preloading 1 native plugins for Editor in 0.73 ms.
Unloading 57 Unused Serialized files (Serialized files now loaded: 0)
System memory in use before: 94.4 MB.
System memory in use after: 92.7 MB.

Unloading 57 unused Assets to reduce memory usage. Loaded Objects now: 3791.
Total: 34.840200 ms (FindLiveObjects: 4.851900 ms CreateObjectMapping: 0.704900 ms MarkObjects: 19.790400 ms  DeleteObjects: 9.474100 ms)

========================================================================
Received Prepare
Registering precompiled user dll's ...
Registered in 0.055196 seconds.
Begin MonoManager ReloadAssembly
Native extension for WindowsStandalone target not found
Native extension for OSXStandalone target not found
Native extension for WebGL target not found
Refreshing native plugins compatible for Editor in 5.17 ms, found 4 plugins.
Preloading 1 native plugins for Editor in 0.12 ms.
Invoked RoslynAnalysisRunner static constructor.
RoslynAnalysisRunner will not be running.
RoslynAnalysisRunner has terminated.
Mono: successfully reloaded assembly
- Completed reload, in  5.384 seconds
Platform modules already initialized, skipping
Switching build target platform(5) subTarget(0) extendedPlatform(0) -> platform(13) subTarget(524288) extendedPlatform(0)
Shader 'Universal Render Pipeline/Particles/Lit': fallback shader 'Universal Render Pipeline/Particles/SimpleLit' not found
Shader 'Universal Render Pipeline/Particles/Lit': fallback shader 'Universal Render Pipeline/Particles/SimpleLit' not found
Shader 'Oculus/OVRMRCameraFrameLit': fallback shader 'Alpha-Diffuse' not found
Refreshing native plugins compatible for Editor in 1.85 ms, found 4 plugins.
Preloading 1 native plugins for Editor in 0.09 ms.
Unloading 3051 Unused Serialized files (Serialized files now loaded: 0)
System memory in use before: 149.3 MB.
System memory in use after: 147.6 MB.

Unloading 60 unused Assets to reduce memory usage. Loaded Objects now: 3768.
Total: 12.468900 ms (FindLiveObjects: 1.301300 ms CreateObjectMapping: 0.709600 ms MarkObjects: 7.843200 ms  DeleteObjects: 2.610000 ms)

AssetImportParameters requested are different than current active one (requested -> active):
  custom:graphics/normal-map-encoding: 01000000000000000000000000000000 -> 02000000000000000000000000000000
========================================================================
Received Prepare
Registering precompiled user dll's ...
Registered in 0.023532 seconds.
Begin MonoManager ReloadAssembly
Native extension for WindowsStandalone target not found
Native extension for OSXStandalone target not found
Native extension for WebGL target not found
Refreshing native plugins compatible for Editor in 1.52 ms, found 4 plugins.
Preloading 1 native plugins for Editor in 0.08 ms.
Invoked RoslynAnalysisRunner static constructor.
RoslynAnalysisRunner will not be running.
RoslynAnalysisRunner has terminated.
Mono: successfully reloaded assembly
- Completed reload, in  2.292 seconds
Platform modules already initialized, skipping
Switching build target platform(5) subTarget(0) extendedPlatform(0) -> platform(13) subTarget(524288) extendedPlatform(0)
Shader 'Universal Render Pipeline/Particles/Lit': fallback shader 'Universal Render Pipeline/Particles/SimpleLit' not found
Shader 'Universal Render Pipeline/Particles/Lit': fallback shader 'Universal Render Pipeline/Particles/SimpleLit' not found
Shader 'Oculus/OVRMRCameraFrameLit': fallback shader 'Alpha-Diffuse' not found
Refreshing native plugins compatible for Editor in 1.55 ms, found 4 plugins.
Preloading 1 native plugins for Editor in 0.09 ms.
Unloading 3051 Unused Serialized files (Serialized files now loaded: 0)
System memory in use before: 149.3 MB.
System memory in use after: 147.7 MB.

Unloading 60 unused Assets to reduce memory usage. Loaded Objects now: 3772.
Total: 7.886400 ms (FindLiveObjects: 0.806000 ms CreateObjectMapping: 0.297600 ms MarkObjects: 4.651200 ms  DeleteObjects: 2.128300 ms)

AssetImportParameters requested are different than current active one (requested -> active):
  custom:graphics/normal-map-encoding: 01000000000000000000000000000000 -> 02000000000000000000000000000000
========================================================================
Received Prepare
Registering precompiled user dll's ...
Registered in 0.018474 seconds.
Begin MonoManager ReloadAssembly
Native extension for WindowsStandalone target not found
Native extension for OSXStandalone target not found
Native extension for WebGL target not found
Refreshing native plugins compatible for Editor in 1.59 ms, found 4 plugins.
Preloading 1 native plugins for Editor in 0.09 ms.
Invoked RoslynAnalysisRunner static constructor.
RoslynAnalysisRunner will not be running.
RoslynAnalysisRunner has terminated.
Mono: successfully reloaded assembly
- Completed reload, in  2.122 seconds
Platform modules already initialized, skipping
Switching build target platform(5) subTarget(0) extendedPlatform(0) -> platform(13) subTarget(524288) extendedPlatform(0)
Shader 'Universal Render Pipeline/Particles/Lit': fallback shader 'Universal Render Pipeline/Particles/SimpleLit' not found
Shader 'Universal Render Pipeline/Particles/Lit': fallback shader 'Universal Render Pipeline/Particles/SimpleLit' not found
Shader 'Oculus/OVRMRCameraFrameLit': fallback shader 'Alpha-Diffuse' not found
Refreshing native plugins compatible for Editor in 2.27 ms, found 4 plugins.
Preloading 1 native plugins for Editor in 0.28 ms.
Unloading 3051 Unused Serialized files (Serialized files now loaded: 0)
System memory in use before: 149.3 MB.
System memory in use after: 147.7 MB.

Unloading 60 unused Assets to reduce memory usage. Loaded Objects now: 3776.
Total: 10.624800 ms (FindLiveObjects: 0.986500 ms CreateObjectMapping: 0.478000 ms MarkObjects: 6.506400 ms  DeleteObjects: 2.650900 ms)

AssetImportParameters requested are different than current active one (requested -> active):
  custom:graphics/normal-map-encoding: 01000000000000000000000000000000 -> 02000000000000000000000000000000
========================================================================
Received Prepare
Shader 'Universal Render Pipeline/Particles/Lit': fallback shader 'Universal Render Pipeline/Particles/SimpleLit' not found
Shader 'Universal Render Pipeline/Particles/Lit': fallback shader 'Universal Render Pipeline/Particles/SimpleLit' not found
Shader 'Oculus/OVRMRCameraFrameLit': fallback shader 'Alpha-Diffuse' not found
Refreshing native plugins compatible for Editor in 48.04 ms, found 4 plugins.
Preloading 1 native plugins for Editor in 0.42 ms.
Unloading 57 Unused Serialized files (Serialized files now loaded: 0)
System memory in use before: 94.2 MB.
System memory in use after: 92.6 MB.

Unloading 57 unused Assets to reduce memory usage. Loaded Objects now: 3776.
Total: 37.885800 ms (FindLiveObjects: 4.386500 ms CreateObjectMapping: 2.093600 ms MarkObjects: 24.275400 ms  DeleteObjects: 7.124700 ms)

